2026-07-08 02:43:23 INFO  Moved: /Users/galuzinnicolai/Downloads/photo_2026-07-07_14-00-40.jpg -> /Users/galuzinnicolai/Downloads/Images/photo_2026-07-07_14-00-40.jpg
2026-07-08 02:43:23 INFO  Moved: /Users/galuzinnicolai/Downloads/photo_2026-07-07_14-00-40.png -> /Users/galuzinnicolai/Downloads/Images/photo_2026-07-07_14-00-40.png
2026-07-08 02:43:23 INFO  Moved: /Users/galuzinnicolai/Downloads/.DS_Store -> /Users/galuzinnicolai/Downloads/Others/.DS_Store
2026-07-08 02:43:23 INFO  Moved: /Users/galuzinnicolai/Downloads/bigdick.txt -> /Users/galuzinnicolai/Downloads/Documents/bigdick.txt
2026-07-08 02:43:23 INFO  Moved: /Users/galuzinnicolai/Downloads/photo_2026-07-07_13-58-24.jpg -> /Users/galuzinnicolai/Downloads/Images/photo_2026-07-07_13-58-24.jpg
2026-07-08 02:43:23 INFO  Moved: /Users/galuzinnicolai/Downloads/round_2026-07-07_23-19-06.mp4 -> /Users/galuzinnicolai/Downloads/Videos/round_2026-07-07_23-19-06.mp4
2026-07-08 02:43:23 INFO  Moved: /Users/galuzinnicolai/Downloads/boobs.pdf -> /Users/galuzinnicolai/Downloads/Documents/boobs.pdf
2026-07-08 02:43:26 INFO  Moved: /Users/galuzinnicolai/Downloads/Documents/boobs.pdf -> /Users/galuzinnicolai/Downloads/boobs.pdf
2026-07-08 02:43:26 INFO  Moved: /Users/galuzinnicolai/Downloads/Videos/round_2026-07-07_23-19-06.mp4 -> /Users/galuzinnicolai/Downloads/round_2026-07-07_23-19-06.mp4
2026-07-08 02:43:26 INFO  Moved: /Users/galuzinnicolai/Downloads/Images/photo_2026-07-07_13-58-24.jpg -> /Users/galuzinnicolai/Downloads/photo_2026-07-07_13-58-24.jpg
2026-07-08 02:43:26 INFO  Moved: /Users/galuzinnicolai/Downloads/Documents/bigdick.txt -> /Users/galuzinnicolai/Downloads/bigdick.txt
2026-07-08 02:43:26 INFO  Moved: /Users/galuzinnicolai/Downloads/Others/.DS_Store -> /Users/galuzinnicolai/Downloads/.DS_Store
2026-07-08 02:43:26 INFO  Moved: /Users/galuzinnicolai/Downloads/Images/photo_2026-07-07_14-00-40.png -> /Users/galuzinnicolai/Downloads/photo_2026-07-07_14-00-40.png
2026-07-08 02:43:26 INFO  Moved: /Users/galuzinnicolai/Downloads/Images/photo_2026-07-07_14-00-40.jpg -> /Users/galuzinnicolai/Downloads/photo_2026-07-07_14-00-40.jpg
2026-07-08 02:43:35 INFO  Moved: /Users/galuzinnicolai/Downloads/photo_2026-07-07_14-00-40.jpg -> /Users/galuzinnicolai/Downloads/Images/photo_2026-07-07_14-00-40.jpg
2026-07-08 02:43:35 INFO  Moved: /Users/galuzinnicolai/Downloads/photo_2026-07-07_14-00-40.png -> /Users/galuzinnicolai/Downloads/Images/photo_2026-07-07_14-00-40.png
2026-07-08 02:43:35 INFO  Moved: /Users/galuzinnicolai/Downloads/.DS_Store -> /Users/galuzinnicolai/Downloads/Others/.DS_Store
2026-07-08 02:43:35 INFO  Moved: /Users/galuzinnicolai/Downloads/bigdick.txt -> /Users/galuzinnicolai/Downloads/Documents/bigdick.txt
2026-07-08 02:43:35 INFO  Moved: /Users/galuzinnicolai/Downloads/photo_2026-07-07_13-58-24.jpg -> /Users/galuzinnicolai/Downloads/Images/photo_2026-07-07_13-58-24.jpg
2026-07-08 02:43:35 INFO  Moved: /Users/galuzinnicolai/Downloads/round_2026-07-07_23-19-06.mp4 -> /Users/galuzinnicolai/Downloads/Videos/round_2026-07-07_23-19-06.mp4
2026-07-08 02:43:35 INFO  Moved: /Users/galuzinnicolai/Downloads/boobs.pdf -> /Users/galuzinnicolai/Downloads/Documents/boobs.pdf
2026-07-08 02:43:36 INFO  Moved: /Users/galuzinnicolai/Downloads/Documents/boobs.pdf -> /Users/galuzinnicolai/Downloads/boobs.pdf
2026-07-08 02:43:36 INFO  Moved: /Users/galuzinnicolai/Downloads/Videos/round_2026-07-07_23-19-06.mp4 -> /Users/galuzinnicolai/Downloads/round_2026-07-07_23-19-06.mp4
2026-07-08 02:43:36 INFO  Moved: /Users/galuzinnicolai/Downloads/Images/photo_2026-07-07_13-58-24.jpg -> /Users/galuzinnicolai/Downloads/photo_2026-07-07_13-58-24.jpg
2026-07-08 02:43:36 INFO  Moved: /Users/galuzinnicolai/Downloads/Documents/bigdick.txt -> /Users/galuzinnicolai/Downloads/bigdick.txt
2026-07-08 02:43:36 INFO  Moved: /Users/galuzinnicolai/Downloads/Others/.DS_Store -> /Users/galuzinnicolai/Downloads/.DS_Store
2026-07-08 02:43:36 INFO  Moved: /Users/galuzinnicolai/Downloads/Images/photo_2026-07-07_14-00-40.png -> /Users/galuzinnicolai/Downloads/photo_2026-07-07_14-00-40.png
2026-07-08 02:43:36 INFO  Moved: /Users/galuzinnicolai/Downloads/Images/photo_2026-07-07_14-00-40.jpg -> /Users/galuzinnicolai/Downloads/photo_2026-07-07_14-00-40.jpg
2026-07-08 02:43:53 INFO  Moved: /Users/galuzinnicolai/Downloads/photo_2026-07-07_14-00-40.jpg -> /Users/galuzinnicolai/Downloads/Images/photo_2026-07-07_14-00-40.jpg
2026-07-08 02:43:53 INFO  Moved: /Users/galuzinnicolai/Downloads/photo_2026-07-07_14-00-40.png -> /Users/galuzinnicolai/Downloads/Images/photo_2026-07-07_14-00-40.png
2026-07-08 02:43:53 INFO  Moved: /Users/galuzinnicolai/Downloads/.DS_Store -> /Users/galuzinnicolai/Downloads/Others/.DS_Store
2026-07-08 02:43:53 INFO  Moved: /Users/galuzinnicolai/Downloads/bigdick.txt -> /Users/galuzinnicolai/Downloads/Documents/bigdick.txt
2026-07-08 02:43:53 INFO  Moved: /Users/galuzinnicolai/Downloads/photo_2026-07-07_13-58-24.jpg -> /Users/galuzinnicolai/Downloads/Images/photo_2026-07-07_13-58-24.jpg
2026-07-08 02:43:53 INFO  Moved: /Users/galuzinnicolai/Downloads/round_2026-07-07_23-19-06.mp4 -> /Users/galuzinnicolai/Downloads/Videos/round_2026-07-07_23-19-06.mp4
2026-07-08 02:43:53 INFO  Moved: /Users/galuzinnicolai/Downloads/boobs.pdf -> /Users/galuzinnicolai/Downloads/Documents/boobs.pdf
2026-07-08 02:43:54 INFO  Moved: /Users/galuzinnicolai/Downloads/Documents/boobs.pdf -> /Users/galuzinnicolai/Downloads/boobs.pdf
2026-07-08 02:43:54 INFO  Moved: /Users/galuzinnicolai/Downloads/Videos/round_2026-07-07_23-19-06.mp4 -> /Users/galuzinnicolai/Downloads/round_2026-07-07_23-19-06.mp4
2026-07-08 02:43:54 INFO  Moved: /Users/galuzinnicolai/Downloads/Images/photo_2026-07-07_13-58-24.jpg -> /Users/galuzinnicolai/Downloads/photo_2026-07-07_13-58-24.jpg
2026-07-08 02:43:54 INFO  Moved: /Users/galuzinnicolai/Downloads/Documents/bigdick.txt -> /Users/galuzinnicolai/Downloads/bigdick.txt
2026-07-08 02:43:54 INFO  Moved: /Users/galuzinnicolai/Downloads/Others/.DS_Store -> /Users/galuzinnicolai/Downloads/.DS_Store
2026-07-08 02:43:54 INFO  Moved: /Users/galuzinnicolai/Downloads/Images/photo_2026-07-07_14-00-40.png -> /Users/galuzinnicolai/Downloads/photo_2026-07-07_14-00-40.png
2026-07-08 02:43:54 INFO  Moved: /Users/galuzinnicolai/Downloads/Images/photo_2026-07-07_14-00-40.jpg -> /Users/galuzinnicolai/Downloads/photo_2026-07-07_14-00-40.jpg
2026-07-08 02:43:55 INFO  Moved: /Users/galuzinnicolai/Downloads/photo_2026-07-07_14-00-40.jpg -> /Users/galuzinnicolai/Downloads/Images/photo_2026-07-07_14-00-40.jpg
2026-07-08 02:43:55 INFO  Moved: /Users/galuzinnicolai/Downloads/photo_2026-07-07_14-00-40.png -> /Users/galuzinnicolai/Downloads/Images/photo_2026-07-07_14-00-40.png
2026-07-08 02:43:55 INFO  Moved: /Users/galuzinnicolai/Downloads/.DS_Store -> /Users/galuzinnicolai/Downloads/Others/.DS_Store
2026-07-08 02:43:55 INFO  Moved: /Users/galuzinnicolai/Downloads/bigdick.txt -> /Users/galuzinnicolai/Downloads/Documents/bigdick.txt
2026-07-08 02:43:55 INFO  Moved: /Users/galuzinnicolai/Downloads/photo_2026-07-07_13-58-24.jpg -> /Users/galuzinnicolai/Downloads/Images/photo_2026-07-07_13-58-24.jpg
2026-07-08 02:43:55 INFO  Moved: /Users/galuzinnicolai/Downloads/round_2026-07-07_23-19-06.mp4 -> /Users/galuzinnicolai/Downloads/Videos/round_2026-07-07_23-19-06.mp4
2026-07-08 02:43:55 INFO  Moved: /Users/galuzinnicolai/Downloads/boobs.pdf -> /Users/galuzinnicolai/Downloads/Documents/boobs.pdf
2026-07-08 02:43:56 INFO  Moved: /Users/galuzinnicolai/Downloads/Documents/boobs.pdf -> /Users/galuzinnicolai/Downloads/boobs.pdf
2026-07-08 02:43:56 INFO  Moved: /Users/galuzinnicolai/Downloads/Videos/round_2026-07-07_23-19-06.mp4 -> /Users/galuzinnicolai/Downloads/round_2026-07-07_23-19-06.mp4
2026-07-08 02:43:56 INFO  Moved: /Users/galuzinnicolai/Downloads/Images/photo_2026-07-07_13-58-24.jpg -> /Users/galuzinnicolai/Downloads/photo_2026-07-07_13-58-24.jpg
2026-07-08 02:43:56 INFO  Moved: /Users/galuzinnicolai/Downloads/Documents/bigdick.txt -> /Users/galuzinnicolai/Downloads/bigdick.txt
2026-07-08 02:43:56 INFO  Moved: /Users/galuzinnicolai/Downloads/Others/.DS_Store -> /Users/galuzinnicolai/Downloads/.DS_Store
2026-07-08 02:43:56 INFO  Moved: /Users/galuzinnicolai/Downloads/Images/photo_2026-07-07_14-00-40.png -> /Users/galuzinnicolai/Downloads/photo_2026-07-07_14-00-40.png
2026-07-08 02:43:56 INFO  Moved: /Users/galuzinnicolai/Downloads/Images/photo_2026-07-07_14-00-40.jpg -> /Users/galuzinnicolai/Downloads/photo_2026-07-07_14-00-40.jpg
2026-07-08 02:45:22 INFO  Moved: /Users/galuzinnicolai/Downloads/photo_2026-07-07_14-00-40.jpg -> /Users/galuzinnicolai/Downloads/Images/photo_2026-07-07_14-00-40.jpg
2026-07-08 02:45:22 INFO  Moved: /Users/galuzinnicolai/Downloads/photo_2026-07-07_14-00-40.png -> /Users/galuzinnicolai/Downloads/Images/photo_2026-07-07_14-00-40.png
2026-07-08 02:45:22 INFO  Moved: /Users/galuzinnicolai/Downloads/.DS_Store -> /Users/galuzinnicolai/Downloads/Others/.DS_Store
2026-07-08 02:45:22 INFO  Moved: /Users/galuzinnicolai/Downloads/bigdick.txt -> /Users/galuzinnicolai/Downloads/Documents/bigdick.txt
2026-07-08 02:45:22 INFO  Moved: /Users/galuzinnicolai/Downloads/photo_2026-07-07_13-58-24.jpg -> /Users/galuzinnicolai/Downloads/Images/photo_2026-07-07_13-58-24.jpg
2026-07-08 02:45:22 INFO  Moved: /Users/galuzinnicolai/Downloads/round_2026-07-07_23-19-06.mp4 -> /Users/galuzinnicolai/Downloads/Videos/round_2026-07-07_23-19-06.mp4
2026-07-08 02:45:22 INFO  Moved: /Users/galuzinnicolai/Downloads/boobs.pdf -> /Users/galuzinnicolai/Downloads/Documents/boobs.pdf
2026-07-08 02:45:24 INFO  Moved: /Users/galuzinnicolai/Downloads/Documents/boobs.pdf -> /Users/galuzinnicolai/Downloads/boobs.pdf
2026-07-08 02:45:24 INFO  Moved: /Users/galuzinnicolai/Downloads/Videos/round_2026-07-07_23-19-06.mp4 -> /Users/galuzinnicolai/Downloads/round_2026-07-07_23-19-06.mp4
2026-07-08 02:45:24 INFO  Moved: /Users/galuzinnicolai/Downloads/Images/photo_2026-07-07_13-58-24.jpg -> /Users/galuzinnicolai/Downloads/photo_2026-07-07_13-58-24.jpg
2026-07-08 02:45:24 INFO  Moved: /Users/galuzinnicolai/Downloads/Documents/bigdick.txt -> /Users/galuzinnicolai/Downloads/bigdick.txt
2026-07-08 02:45:24 INFO  Moved: /Users/galuzinnicolai/Downloads/Others/.DS_Store -> /Users/galuzinnicolai/Downloads/.DS_Store
2026-07-08 02:45:24 INFO  Moved: /Users/galuzinnicolai/Downloads/Images/photo_2026-07-07_14-00-40.png -> /Users/galuzinnicolai/Downloads/photo_2026-07-07_14-00-40.png
2026-07-08 02:45:24 INFO  Moved: /Users/galuzinnicolai/Downloads/Images/photo_2026-07-07_14-00-40.jpg -> /Users/galuzinnicolai/Downloads/photo_2026-07-07_14-00-40.jpg
2026-07-08 02:51:58 INFO  Moved: /Users/galuzinnicolai/Downloads/photo_2026-07-07_14-00-40.jpg -> /Users/galuzinnicolai/Downloads/Images/photo_2026-07-07_14-00-40.jpg
2026-07-08 02:51:58 INFO  Moved: /Users/galuzinnicolai/Downloads/photo_2026-07-07_14-00-40.png -> /Users/galuzinnicolai/Downloads/Images/photo_2026-07-07_14-00-40.png
2026-07-08 02:51:58 INFO  Moved: /Users/galuzinnicolai/Downloads/.DS_Store -> /Users/galuzinnicolai/Downloads/Others/.DS_Store
2026-07-08 02:51:58 INFO  Moved: /Users/galuzinnicolai/Downloads/bigdick.txt -> /Users/galuzinnicolai/Downloads/Documents/bigdick.txt
2026-07-08 02:51:58 INFO  Moved: /Users/galuzinnicolai/Downloads/photo_2026-07-07_13-58-24.jpg -> /Users/galuzinnicolai/Downloads/Images/photo_2026-07-07_13-58-24.jpg
2026-07-08 02:51:58 INFO  Moved: /Users/galuzinnicolai/Downloads/round_2026-07-07_23-19-06.mp4 -> /Users/galuzinnicolai/Downloads/Videos/round_2026-07-07_23-19-06.mp4
2026-07-08 02:51:58 INFO  Moved: /Users/galuzinnicolai/Downloads/boobs.pdf -> /Users/galuzinnicolai/Downloads/Documents/boobs.pdf
2026-07-08 02:53:10 INFO  Moved: /Users/galuzinnicolai/Downloads/.DS_Store -> /Users/galuzinnicolai/Downloads/Others/(1).DS_Store
2026-07-08 02:53:11 INFO  Moved: /Users/galuzinnicolai/Downloads/Others/(1).DS_Store -> /Users/galuzinnicolai/Downloads/.DS_Store
2026-07-08 02:53:22 INFO  Moved: /Users/galuzinnicolai/Downloads/photo_2026-07-07_14-00-40.jpg -> /Users/galuzinnicolai/Downloads/Images/photo_2026-07-07_14-00-40.jpg
2026-07-08 02:53:22 INFO  Moved: /Users/galuzinnicolai/Downloads/photo_2026-07-07_14-00-40.png -> /Users/galuzinnicolai/Downloads/Images/photo_2026-07-07_14-00-40.png
2026-07-08 02:53:22 INFO  Moved: /Users/galuzinnicolai/Downloads/.DS_Store -> /Users/galuzinnicolai/Downloads/Others/(1).DS_Store
2026-07-08 02:53:22 INFO  Moved: /Users/galuzinnicolai/Downloads/photo_2026-07-07_13-58-24.jpg -> /Users/galuzinnicolai/Downloads/Images/photo_2026-07-07_13-58-24.jpg
2026-07-08 02:53:23 INFO  Moved: /Users/galuzinnicolai/Downloads/Images/photo_2026-07-07_13-58-24.jpg -> /Users/galuzinnicolai/Downloads/photo_2026-07-07_13-58-24.jpg
2026-07-08 02:53:23 INFO  Moved: /Users/galuzinnicolai/Downloads/Others/(1).DS_Store -> /Users/galuzinnicolai/Downloads/.DS_Store
2026-07-08 02:53:23 INFO  Moved: /Users/galuzinnicolai/Downloads/Images/photo_2026-07-07_14-00-40.png -> /Users/galuzinnicolai/Downloads/photo_2026-07-07_14-00-40.png
2026-07-08 02:53:23 INFO  Moved: /Users/galuzinnicolai/Downloads/Images/photo_2026-07-07_14-00-40.jpg -> /Users/galuzinnicolai/Downloads/photo_2026-07-07_14-00-40.jpg
2026-07-08 03:06:52 INFO  Moved: /Users/galuzinnicolai/Downloads/photo_2026-07-07_14-00-40.jpg -> /Users/galuzinnicolai/Downloads/Images/photo_2026-07-07_14-00-40.jpg
2026-07-08 03:06:52 INFO  Moved: /Users/galuzinnicolai/Downloads/photo_2026-07-07_14-00-40.png -> /Users/galuzinnicolai/Downloads/Images/photo_2026-07-07_14-00-40.png
2026-07-08 03:06:52 INFO  Moved: /Users/galuzinnicolai/Downloads/.DS_Store -> /Users/galuzinnicolai/Downloads/Others/(1).DS_Store
2026-07-08 03:06:52 INFO  Moved: /Users/galuzinnicolai/Downloads/photo_2026-07-07_13-58-24.jpg -> /Users/galuzinnicolai/Downloads/Images/photo_2026-07-07_13-58-24.jpg
2026-07-08 03:13:00 INFO  Moved: /Users/galuzinnicolai/Downloads/photo_2026-07-07_14-00-40.jpg -> /Users/galuzinnicolai/Downloads/Images/photo_2026-07-07_14-00-40.jpg
2026-07-08 03:13:00 INFO  Moved: /Users/galuzinnicolai/Downloads/photo_2026-07-07_14-00-40.png -> /Users/galuzinnicolai/Downloads/Images/photo_2026-07-07_14-00-40.png
2026-07-08 03:13:00 INFO  Moved: /Users/galuzinnicolai/Downloads/.DS_Store -> /Users/galuzinnicolai/Downloads/Others/.DS_Store
2026-07-08 03:13:00 INFO  Moved: /Users/galuzinnicolai/Downloads/presentation.pdf -> /Users/galuzinnicolai/Downloads/Documents/presentation.pdf
2026-07-08 03:13:00 INFO  Moved: /Users/galuzinnicolai/Downloads/photo_2026-07-07_13-58-24.jpg -> /Users/galuzinnicolai/Downloads/Images/photo_2026-07-07_13-58-24.jpg
2026-07-08 03:13:00 INFO  Moved: /Users/galuzinnicolai/Downloads/round_2026-07-07_23-19-06.mp4 -> /Users/galuzinnicolai/Downloads/Videos/round_2026-07-07_23-19-06.mp4
2026-07-08 03:13:00 INFO  Moved: /Users/galuzinnicolai/Downloads/text.txt -> /Users/galuzinnicolai/Downloads/Documents/text.txt
